#
# A fatal error has been detected by the Java Runtime Environment:
#
#  EXCEPTION_ACCESS_VIOLATION (0xc0000005) at pc=0x0b3cc086, pid=4036, tid=4272
#
# JRE version: 6.0_23-b05
# Java VM: Java HotSpot(TM) Client VM (19.0-b09 mixed mode, sharing windows-x86 )
# Problematic frame:
# C  [ig4dev32.dll+0xc086]
#
# If you would like to submit a bug report, please visit:
#   http://java.sun.com/webapps/bugreport/crash.jsp
# The crash happened outside the Java Virtual Machine in native code.
# See problematic frame for where to report the bug.
#

---------------  T H R E A D  ---------------

Current thread (0x003b6c00):  JavaThread "main" [_thread_in_native, id=4272, stack(0x008c0000,0x00910000)]

siginfo: ExceptionCode=0xc0000005, reading address 0x00000001

Registers:
EAX=0x0ca6c701, EBX=0x0010b464, ECX=0x0010b460, EDX=0x00110484
ESP=0x0090f9c4, EBP=0x001622c0, ESI=0x00000001, EDI=0x0010b464
EIP=0x0b3cc086, EFLAGS=0x00010202

Register to memory mapping:

EAX=0x0ca6c701
0x0ca6c701 is pointing to unknown location

EBX=0x0010b464
0x0010b464 is pointing to unknown location

ECX=0x0010b460
0x0010b460 is pointing to unknown location

EDX=0x00110484
0x00110484 is pointing to unknown location

ESP=0x0090f9c4
0x0090f9c4 is pointing into the stack for thread: 0x003b6c00
"main" prio=6 tid=0x003b6c00 nid=0x10b0 runnable [0x0090f000]
   java.lang.Thread.State: RUNNABLE

EBP=0x001622c0
0x001622c0 is pointing to unknown location

ESI=0x00000001
0x00000001 is pointing to unknown location

EDI=0x0010b464
0x0010b464 is pointing to unknown location


Top of Stack: (sp=0x0090f9c4)
0x0090f9c4:   7ff50000 00110484 00000000 00000000
0x0090f9d4:   00110484 0afaa832 0ca6c7e8 0af8a815
0x0090f9e4:   7ff50000 00110368 0090fb10 00000000
0x0090f9f4:   0b146e99 001103a8 003b7480 6d968b1b
0x0090fa04:   003b7470 003b6c00 0090fb17 6da0f804
0x0090fa14:   003b7160 00000000 00000050 0000003f
0x0090fa24:   00000000 00000000 00000000 00000000
0x0090fa34:   00000000 003b71a0 0000003f 00000100 

Instructions: (pc=0x0b3cc086)
0x0b3cc076:   10 8d 79 04 8b f7 33 db 85 f6 74 3e 8b 54 24 10
0x0b3cc086:   39 16 74 0b 8b de 8b 76 08 85 f6 75 ef eb 2b 8b 


Stack: [0x008c0000,0x00910000],  sp=0x0090f9c4,  free space=318k
Native frames: (J=compiled Java code, j=interpreted, Vv=VM code, C=native code)
C  [ig4dev32.dll+0xc086]

Java frames: (J=compiled Java code, j=interpreted, Vv=VM code)
j  org.lwjgl.opengl.WindowsContextImplementation.nDestroy(Ljava/nio/ByteBuffer;)V+0
j  org.lwjgl.opengl.WindowsContextImplementation.destroy(Lorg/lwjgl/opengl/PeerInfo;Ljava/nio/ByteBuffer;)V+1
j  org.lwjgl.opengl.ContextGL.checkDestroy()V+29
j  org.lwjgl.opengl.ContextGL.destroy()V+48
j  org.lwjgl.opengl.ContextGL.forceDestroy()V+5
j  org.lwjgl.opengl.DrawableGL.destroy()V+24
j  org.lwjgl.opengl.Display$5.destroy()V+19
j  org.lwjgl.opengl.Display.destroy()V+3
j  opengldemos.Alpha1Opengl11v2d.start()V+81
j  opengldemos.Alpha1Opengl11v2d.main([Ljava/lang/String;)V+9
v  ~StubRoutines::call_stub

---------------  P R O C E S S  ---------------

Java Threads: ( => current thread )
  0x02b59400 JavaThread "Low Memory Detector" daemon [_thread_blocked, id=796, stack(0x02dd0000,0x02e20000)]
  0x02b55c00 JavaThread "CompilerThread0" daemon [_thread_blocked, id=2272, stack(0x02d80000,0x02dd0000)]
  0x02b54400 JavaThread "Attach Listener" daemon [_thread_blocked, id=3940, stack(0x02d30000,0x02d80000)]
  0x02b53000 JavaThread "Signal Dispatcher" daemon [_thread_blocked, id=5824, stack(0x02ce0000,0x02d30000)]
  0x02b10800 JavaThread "Finalizer" daemon [_thread_blocked, id=3864, stack(0x02c90000,0x02ce0000)]
  0x02b0c000 JavaThread "Reference Handler" daemon [_thread_blocked, id=3484, stack(0x02c40000,0x02c90000)]
=>0x003b6c00 JavaThread "main" [_thread_in_native, id=4272, stack(0x008c0000,0x00910000)]

Other Threads:
  0x02b0a800 VMThread [stack: 0x02bf0000,0x02c40000] [id=3920]
  0x02b66400 WatcherThread [stack: 0x02e20000,0x02e70000] [id=5128]

VM state:not at safepoint (normal execution)

VM Mutex/Monitor currently owned by a thread: None

Heap
 def new generation   total 4928K, used 2739K [0x22990000, 0x22ee0000, 0x27ee0000)
  eden space 4416K,  62% used [0x22990000, 0x22c3cdf8, 0x22de0000)
  from space 512K,   0% used [0x22de0000, 0x22de0000, 0x22e60000)
  to   space 512K,   0% used [0x22e60000, 0x22e60000, 0x22ee0000)
 tenured generation   total 10944K, used 0K [0x27ee0000, 0x28990000, 0x32990000)
   the space 10944K,   0% used [0x27ee0000, 0x27ee0000, 0x27ee0200, 0x28990000)
 compacting perm gen  total 12288K, used 1084K [0x32990000, 0x33590000, 0x36990000)
   the space 12288K,   8% used [0x32990000, 0x32a9f218, 0x32a9f400, 0x33590000)
    ro space 10240K,  51% used [0x36990000, 0x36ebbd20, 0x36ebbe00, 0x37390000)
    rw space 12288K,  54% used [0x37390000, 0x37a27d58, 0x37a27e00, 0x37f90000)

Dynamic libraries:
0x00400000 - 0x00424000 	C:\Program Files\Java\jre6\bin\javaw.exe
0x7c900000 - 0x7c9b2000 	C:\WINDOWS\system32\ntdll.dll
0x7c800000 - 0x7c8f6000 	C:\WINDOWS\system32\kernel32.dll
0x77dd0000 - 0x77e6b000 	C:\WINDOWS\system32\ADVAPI32.dll
0x77e70000 - 0x77f03000 	C:\WINDOWS\system32\RPCRT4.dll
0x77fe0000 - 0x77ff1000 	C:\WINDOWS\system32\Secur32.dll
0x7e410000 - 0x7e4a1000 	C:\WINDOWS\system32\USER32.dll
0x77f10000 - 0x77f59000 	C:\WINDOWS\system32\GDI32.dll
0x76390000 - 0x763ad000 	C:\WINDOWS\system32\IMM32.DLL
0x629c0000 - 0x629c9000 	C:\WINDOWS\system32\LPK.DLL
0x74d90000 - 0x74dfb000 	C:\WINDOWS\system32\USP10.dll
0x7c340000 - 0x7c396000 	C:\Program Files\Java\jre6\bin\msvcr71.dll
0x6d7f0000 - 0x6da9c000 	C:\Program Files\Java\jre6\bin\client\jvm.dll
0x76b40000 - 0x76b6d000 	C:\WINDOWS\system32\WINMM.dll
0x6d7a0000 - 0x6d7ac000 	C:\Program Files\Java\jre6\bin\verify.dll
0x6d320000 - 0x6d33f000 	C:\Program Files\Java\jre6\bin\java.dll
0x6d280000 - 0x6d288000 	C:\Program Files\Java\jre6\bin\hpi.dll
0x76bf0000 - 0x76bfb000 	C:\WINDOWS\system32\PSAPI.DLL
0x6d7e0000 - 0x6d7ef000 	C:\Program Files\Java\jre6\bin\zip.dll
0x10000000 - 0x10073000 	F:\PortableApps\EclipsePortable\Data\workspace\lwjgl-2.8.1\native\windows\lwjgl.dll
0x773d0000 - 0x774d3000 	C:\WINDOWS\WinSxS\x86_Microsoft.Windows.Common-Controls_6595b64144ccf1df_6.0.2600.6028_x-ww_61e65202\COMCTL32.dll
0x77c10000 - 0x77c68000 	C:\WINDOWS\system32\msvcrt.dll
0x77f60000 - 0x77fd6000 	C:\WINDOWS\system32\SHLWAPI.dll
0x5ed00000 - 0x5edcc000 	C:\WINDOWS\system32\OPENGL32.dll
0x68b20000 - 0x68b40000 	C:\WINDOWS\system32\GLU32.dll
0x73760000 - 0x737ab000 	C:\WINDOWS\system32\DDRAW.dll
0x73bc0000 - 0x73bc6000 	C:\WINDOWS\system32\DCIMAN32.dll
0x77c00000 - 0x77c08000 	C:\WINDOWS\system32\VERSION.dll
0x5ad70000 - 0x5ada8000 	C:\WINDOWS\system32\uxtheme.dll
0x74720000 - 0x7476c000 	C:\WINDOWS\system32\MSCTF.dll
0x755c0000 - 0x755ee000 	C:\WINDOWS\system32\msctfime.ime
0x774e0000 - 0x7761e000 	C:\WINDOWS\system32\ole32.dll
0x0af60000 - 0x0b31c000 	C:\WINDOWS\system32\ig4icd32.dll
0x0b3c0000 - 0x0b5f3000 	C:\WINDOWS\system32\ig4dev32.dll
0x0c620000 - 0x0c633000 	C:\WINDOWS\system32\btmmhook.dll
0x73b30000 - 0x73b45000 	C:\WINDOWS\system32\mscms.dll
0x73000000 - 0x73026000 	C:\WINDOWS\system32\WINSPOOL.DRV
0x66e90000 - 0x66ed1000 	C:\WINDOWS\system32\icm32.dll
0x0d250000 - 0x0d26a000 	C:\Program Files\Dell\Dell ControlPoint\System Manager\dadkeyb.dll
0x0d280000 - 0x0d29a000 	C:\WINDOWS\system32\hccutils.DLL
0x77120000 - 0x771ab000 	C:\WINDOWS\system32\OLEAUT32.dll
0x0d2c0000 - 0x0d2cc000 	C:\Program Files\WIDCOMM\Bluetooth Software\btkeyind.dll

VM Arguments:
jvm_args: -Djava.library.path=F:\PortableApps\EclipsePortable\Data\workspace\lwjgl-2.8.1\native\windows;F:\PortableApps\EclipsePortable\Data\workspace\lwjgl-2.8.1\native\windows -Dfile.encoding=Cp1255 
java_command: opengldemos.Alpha1Opengl11v2d
Launcher Type: SUN_STANDARD

Environment Variables:
CLASSPATH=.;C:\Program Files\Java\jre6\lib\ext\QTJava.zip
PATH=C:/Program Files/Java/jre6/bin/client;C:/Program Files/Java/jre6/bin;C:/Program Files/Java/jre6/lib/i386;F:\PortableApps\CommonFiles\MinGW\bin;C:\WINDOWS\system32;C:\WINDOWS;C:\WINDOWS\System32\Wbem;C:\Program Files\Intel\DMIX;C:\Program Files\NTRU Cryptosystems\NTRU TCG Software Stack\bin\;C:\Program Files\Wave Systems Corp\Gemalto\Access Client\v5\;C:\Program Files\Common Files\Roxio Shared\DLLShared\;C:\Program Files\Common Files\Roxio Shared\9.0\DLLShared\;C:\Program Files\QuickTime\QTSystem\;F:\PortableApps\EclipsePortable;
USERNAME=DELL
OS=Windows_NT
PROCESSOR_IDENTIFIER=x86 Family 6 Model 23 Stepping 6, GenuineIntel



---------------  S Y S T E M  ---------------

OS: Windows XP Build 2600 Service Pack 3

CPU:total 2 (2 cores per cpu, 1 threads per core) family 6 model 23 stepping 6, cmov, cx8, fxsr, mmx, sse, sse2, sse3, ssse3, sse4.1

Memory: 4k page, physical 3620688k(2465936k free), swap 5547588k(4525228k free)

vm_info: Java HotSpot(TM) Client VM (19.0-b09) for windows-x86 JRE (1.6.0_23-b05), built on Nov 12 2010 15:00:43 by "java_re" with MS VC++ 7.1 (VS2003)

time: Mon Dec 05 17:47:52 2011
elapsed time: 70 seconds

