#
# A fatal error has been detected by the Java Runtime Environment:
#
#  EXCEPTION_ACCESS_VIOLATION (0xc0000005) at pc=0x05001fa6, pid=1400, tid=5528
#
# JRE version: 7.0_01-b08
# Java VM: Java HotSpot(TM) Client VM (21.1-b02 mixed mode, sharing windows-x86 )
# Problematic frame:
# C  [ig4icd32.dll+0x31fa6]
#
# Failed to write core dump. Minidumps are not enabled by default on client versions of Windows
#
# If you would like to submit a bug report, please visit:
#   http://bugreport.sun.com/bugreport/crash.jsp
# The crash happened outside the Java Virtual Machine in native code.
# See problematic frame for where to report the bug.
#

---------------  T H R E A D  ---------------

Current thread (0x020e9800):  JavaThread "main" [_thread_in_native, id=5528, stack(0x02140000,0x02190000)]

siginfo: ExceptionCode=0xc0000005, writing address 0x00000140

Registers:
EAX=0x00000000, EBX=0x6e011430, ECX=0x0048ba40, EDX=0x055b5818
ESP=0x0218f304, EBP=0x0041a1c8, ESI=0x00423b68, EDI=0x00419e30
EIP=0x05001fa6, EFLAGS=0x00010202

Top of Stack: (sp=0x0218f304)
0x0218f304:   00423820 00419e30 00423b68 0563c710
0x0218f314:   0218f7fc 0547ba68 00000000 05235491
0x0218f324:   00000001 00423780 00000000 00000000
0x0218f334:   0218f46c 000706dc 00001598 7779bcae
0x0218f344:   003ac8a8 00000002 003ac7a8 003b5e18
0x0218f354:   777841c6 0218f374 7779bcae 003ac628
0x0218f364:   00000002 003ac6a8 003b0cc0 003ac708
0x0218f374:   0218f390 7779bcae 00000001 00000002 

Instructions: (pc=0x05001fa6)
0x05001f86:   89 96 f0 80 00 00 8b 8d 38 01 00 00 50 51 ba 40
0x05001f96:   8d 00 00 8b ce e8 f0 98 00 00 8b 86 fc 80 00 00
0x05001fa6:   83 80 40 01 00 00 ff 75 13 8b 88 3c 01 00 00 85
0x05001fb6:   c9 74 09 8b 11 50 8b 42 08 56 ff d0 c7 86 fc 80 


Register to memory mapping:

EAX=0x00000000 is an unknown value
EBX=0x6e011430 is an unknown value
ECX=0x0048ba40 is an unknown value
EDX=0x055b5818 is an unknown value
ESP=0x0218f304 is pointing into the stack for thread: 0x020e9800
EBP=0x0041a1c8 is an unknown value
ESI=0x00423b68 is an unknown value
EDI=0x00419e30 is an unknown value


Stack: [0x02140000,0x02190000],  sp=0x0218f304,  free space=316k
Native frames: (J=compiled Java code, j=interpreted, Vv=VM code, C=native code)
C  [ig4icd32.dll+0x31fa6]

Java frames: (J=compiled Java code, j=interpreted, Vv=VM code)
j  org.lwjgl.opengl.WindowsContextImplementation.nMakeCurrent(Ljava/nio/ByteBuffer;Ljava/nio/ByteBuffer;)V+0
j  org.lwjgl.opengl.WindowsContextImplementation.makeCurrent(Lorg/lwjgl/opengl/PeerInfo;Ljava/nio/ByteBuffer;)V+7
j  org.lwjgl.opengl.ContextGL.makeCurrent()V+46
j  org.lwjgl.opengl.DrawableGL.makeCurrent()V+14
j  org.lwjgl.opengl.Display.makeCurrent()V+3
j  org.lwjgl.opengl.Display.makeCurrentAndSetSwapInterval()V+0
j  org.lwjgl.opengl.Display.setDisplayMode(Lorg/lwjgl/opengl/DisplayMode;)V+70
j  opengldemos.Alpha1Opengl11v2d.setDisplayMode(IIZ)V+226
j  opengldemos.Alpha1Opengl11v2d.update(I)V+206
j  opengldemos.Alpha1Opengl11v2d.start()V+60
j  opengldemos.Alpha1Opengl11v2d.main([Ljava/lang/String;)V+9
v  ~StubRoutines::call_stub

---------------  P R O C E S S  ---------------

Java Threads: ( => current thread )
  0x01ff1000 JavaThread "Service Thread" daemon [_thread_blocked, id=1876, stack(0x04770000,0x047c0000)]
  0x01fec000 JavaThread "C1 CompilerThread0" daemon [_thread_blocked, id=5924, stack(0x048d0000,0x04920000)]
  0x01feac00 JavaThread "Attach Listener" daemon [_thread_blocked, id=4668, stack(0x045d0000,0x04620000)]
  0x01fe7800 JavaThread "Signal Dispatcher" daemon [_thread_blocked, id=4748, stack(0x04710000,0x04760000)]
  0x01fdf000 JavaThread "Finalizer" daemon [_thread_blocked, id=2984, stack(0x04520000,0x04570000)]
  0x01fda400 JavaThread "Reference Handler" daemon [_thread_blocked, id=1844, stack(0x04630000,0x04680000)]
=>0x020e9800 JavaThread "main" [_thread_in_native, id=5528, stack(0x02140000,0x02190000)]

Other Threads:
  0x01fd8000 VMThread [stack: 0x044b0000,0x04500000] [id=5960]
  0x02014000 WatcherThread [stack: 0x049e0000,0x04a30000] [id=5304]

VM state:not at safepoint (normal execution)

VM Mutex/Monitor currently owned by a thread: None

Heap
 def new generation   total 4928K, used 3049K [0x23ce0000, 0x24230000, 0x29230000)
  eden space 4416K,  69% used [0x23ce0000, 0x23fda4b0, 0x24130000)
  from space 512K,   0% used [0x24130000, 0x241300c8, 0x241b0000)
  to   space 512K,   0% used [0x241b0000, 0x241b0000, 0x24230000)
 tenured generation   total 10944K, used 743K [0x29230000, 0x29ce0000, 0x33ce0000)
   the space 10944K,   6% used [0x29230000, 0x292e9f70, 0x292ea000, 0x29ce0000)
 compacting perm gen  total 12288K, used 845K [0x33ce0000, 0x348e0000, 0x37ce0000)
   the space 12288K,   6% used [0x33ce0000, 0x33db3508, 0x33db3600, 0x348e0000)
    ro space 10240K,  45% used [0x37ce0000, 0x381619f0, 0x38161a00, 0x386e0000)
    rw space 12288K,  54% used [0x386e0000, 0x38d605a0, 0x38d60600, 0x392e0000)

Code Cache  [0x02190000, 0x02250000, 0x04190000)
 total_blobs=411 nmethods=218 adapters=126 free_code_cache=32005Kb largest_free_block=32773760

Dynamic libraries:
0x001b0000 - 0x001df000 	G:\PortableApps\EclipsePortable\App\Eclipse\jre\bin\javaw.exe
0x77760000 - 0x778e0000 	C:\Windows\SysWOW64\ntdll.dll
0x75430000 - 0x75530000 	C:\Windows\syswow64\kernel32.dll
0x77130000 - 0x77176000 	C:\Windows\syswow64\KERNELBASE.dll
0x772c0000 - 0x77360000 	C:\Windows\syswow64\ADVAPI32.dll
0x75f70000 - 0x7601c000 	C:\Windows\syswow64\msvcrt.dll
0x75b70000 - 0x75b89000 	C:\Windows\SysWOW64\sechost.dll
0x75830000 - 0x75920000 	C:\Windows\syswow64\RPCRT4.dll
0x752d0000 - 0x75330000 	C:\Windows\syswow64\SspiCli.dll
0x752c0000 - 0x752cc000 	C:\Windows\syswow64\CRYPTBASE.dll
0x756f0000 - 0x757f0000 	C:\Windows\syswow64\USER32.dll
0x75660000 - 0x756f0000 	C:\Windows\syswow64\GDI32.dll
0x77730000 - 0x7773a000 	C:\Windows\syswow64\LPK.dll
0x75530000 - 0x755cd000 	C:\Windows\syswow64\USP10.dll
0x72d00000 - 0x72e9e000 	C:\Windows\WinSxS\x86_microsoft.windows.common-controls_6595b64144ccf1df_6.0.7600.16661_none_420fe3fa2b8113bd\COMCTL32.dll
0x75e10000 - 0x75e67000 	C:\Windows\syswow64\SHLWAPI.dll
0x75330000 - 0x75390000 	C:\Windows\system32\IMM32.DLL
0x76160000 - 0x7622c000 	C:\Windows\syswow64\MSCTF.dll
0x676a0000 - 0x6775e000 	G:\PortableApps\EclipsePortable\App\Eclipse\jre\bin\msvcr100.dll
0x63710000 - 0x63a31000 	G:\PortableApps\EclipsePortable\App\Eclipse\jre\bin\client\jvm.dll
0x746e0000 - 0x746e7000 	C:\Windows\system32\WSOCK32.dll
0x75920000 - 0x75955000 	C:\Windows\syswow64\WS2_32.dll
0x757f0000 - 0x757f6000 	C:\Windows\syswow64\NSI.dll
0x732f0000 - 0x73322000 	C:\Windows\system32\WINMM.dll
0x75960000 - 0x75965000 	C:\Windows\syswow64\PSAPI.DLL
0x67d20000 - 0x67d2c000 	G:\PortableApps\EclipsePortable\App\Eclipse\jre\bin\verify.dll
0x67680000 - 0x676a0000 	G:\PortableApps\EclipsePortable\App\Eclipse\jre\bin\java.dll
0x636f0000 - 0x63703000 	G:\PortableApps\EclipsePortable\App\Eclipse\jre\bin\zip.dll
0x10000000 - 0x10073000 	G:\lwjgl-2.8.1\native\windows\lwjgl.dll
0x6b080000 - 0x6b148000 	C:\Windows\system32\OPENGL32.dll
0x6b050000 - 0x6b072000 	C:\Windows\system32\GLU32.dll
0x6af60000 - 0x6b047000 	C:\Windows\system32\DDRAW.dll
0x70190000 - 0x70196000 	C:\Windows\system32\DCIMAN32.dll
0x76f90000 - 0x7712d000 	C:\Windows\syswow64\SETUPAPI.dll
0x75800000 - 0x75827000 	C:\Windows\syswow64\CFGMGR32.dll
0x75d80000 - 0x75e0f000 	C:\Windows\syswow64\OLEAUT32.dll
0x75c20000 - 0x75d7c000 	C:\Windows\syswow64\ole32.dll
0x75410000 - 0x75422000 	C:\Windows\syswow64\DEVOBJ.dll
0x746b0000 - 0x746c3000 	C:\Windows\system32\dwmapi.dll
0x74eb0000 - 0x74eb9000 	C:\Windows\system32\VERSION.dll
0x74770000 - 0x747f0000 	C:\Windows\system32\uxtheme.dll
0x04fd0000 - 0x055a2000 	C:\Windows\system32\ig4icd32.dll
0x05720000 - 0x05ade000 	C:\Windows\system32\ig4dev32.dll
0x6bf20000 - 0x6bf99000 	C:\Windows\system32\mscms.dll
0x74fc0000 - 0x74fd7000 	C:\Windows\system32\USERENV.dll
0x74fb0000 - 0x74fbb000 	C:\Windows\system32\profapi.dll
0x6bbe0000 - 0x6bc18000 	C:\Windows\system32\icm32.dll

VM Arguments:
jvm_args: -Djava.library.path=G:\lwjgl-2.8.1\native\windows;G:\lwjgl-2.8.1\native\windows -Dfile.encoding=Cp1252 
java_command: opengldemos.Alpha1Opengl11v2d
Launcher Type: SUN_STANDARD

Environment Variables:
PATH=G:/PortableApps/EclipsePortable/App/Eclipse/jre/bin/client;G:/PortableApps/EclipsePortable/App/Eclipse/jre/bin;G:/PortableApps/EclipsePortable/App/Eclipse/jre/lib/i386;G:\PortableApps\CommonFiles\MinGW\bin;C:\Program Files (x86)\PC Connectivity Solution\;C:\Windows\system32;C:\Windows;C:\Windows\System32\Wbem;C:\Windows\System32\WindowsPowerShell\v1.0\;C:\Program Files\WIDCOMM\Bluetooth Software\;C:\Program Files\WIDCOMM\Bluetooth Software\syswow64;;G:\PortableApps\EclipsePortable;
USERNAME=Ancil
OS=Windows_NT
PROCESSOR_IDENTIFIER=Intel64 Family 6 Model 23 Stepping 10, GenuineIntel



---------------  S Y S T E M  ---------------

OS: Windows 7 , 64 bit Build 7600 

CPU:total 2 (2 cores per cpu, 1 threads per core) family 6 model 23 stepping 10, cmov, cx8, fxsr, mmx, sse, sse2, sse3, ssse3

Memory: 4k page, physical 2061528k(404156k free), swap 4123056k(1672184k free)

vm_info: Java HotSpot(TM) Client VM (21.1-b02) for windows-x86 JRE (1.7.0_01-b08), built on Oct  3 2011 02:11:36 by "java_re" with unknown MS VC++:1600

time: Fri Jan 13 20:01:48 2012
elapsed time: 17 seconds

