#
# A fatal error has been detected by the Java Runtime Environment:
#
#  EXCEPTION_ACCESS_VIOLATION (0xc0000005) at pc=0x051d2900, pid=3572, tid=2600
#
# JRE version: 7.0_01-b08
# Java VM: Java HotSpot(TM) Client VM (21.1-b02 mixed mode, sharing windows-x86 )
# Problematic frame:
# C  [ig4icd32.dll+0x32900]
#
# Failed to write core dump. Minidumps are not enabled by default on client versions of Windows
#
# If you would like to submit a bug report, please visit:
#   http://bugreport.sun.com/bugreport/crash.jsp
# The crash happened outside the Java Virtual Machine in native code.
# See problematic frame for where to report the bug.
#

---------------  T H R E A D  ---------------

Current thread (0x0052a000):  JavaThread "main" [_thread_in_native, id=2600, stack(0x00460000,0x004b0000)]

siginfo: ExceptionCode=0xc0000005, writing address 0x00000140

Registers:
EAX=0x00000000, EBX=0x06430530, ECX=0x063bafe8, EDX=0x063c6900
ESP=0x004af480, EBP=0x005ea038, ESI=0x005f4b24, EDI=0x005822d8
EIP=0x051d2900, EFLAGS=0x00010216

Top of Stack: (sp=0x004af480)
0x004af480:   005f27f0 005822d8 005f4b24 020111dc
0x004af490:   06430530 004afa24 0564f4c8 00000000
0x004af4a0:   05407901 00000001 005827b0 00000000
0x004af4b0:   00000000 004af5ec 0003062e 00000a28
0x004af4c0:   7732bcee 00579f58 00000002 00579e58
0x004af4d0:   00584d58 773141c6 004af4f4 7732bcee
0x004af4e0:   00579cd8 00000002 00579d58 00584c80
0x004af4f0:   00579db8 004af510 7732bcee 00000001 

Instructions: (pc=0x051d2900)
0x051d28e0:   89 8e f4 81 00 00 8b 85 38 01 00 00 52 50 ba 40
0x051d28f0:   8d 00 00 8b ce e8 f6 a9 00 00 8b 86 00 82 00 00
0x051d2900:   83 80 40 01 00 00 ff 75 13 8b 88 3c 01 00 00 85
0x051d2910:   c9 74 09 8b 11 50 8b 42 08 56 ff d0 c7 86 00 82 


Register to memory mapping:

EAX=0x00000000 is an unknown value
EBX=0x06430530 is an unknown value
ECX=0x063bafe8 is an unknown value
EDX=0x063c6900 is an unknown value
ESP=0x004af480 is pointing into the stack for thread: 0x0052a000
EBP=0x005ea038 is an unknown value
ESI=0x005f4b24 is an unknown value
EDI=0x005822d8 is an unknown value


Stack: [0x00460000,0x004b0000],  sp=0x004af480,  free space=317k
Native frames: (J=compiled Java code, j=interpreted, Vv=VM code, C=native code)
C  [ig4icd32.dll+0x32900]

Java frames: (J=compiled Java code, j=interpreted, Vv=VM code)
j  org.lwjgl.opengl.WindowsContextImplementation.nMakeCurrent(Ljava/nio/ByteBuffer;Ljava/nio/ByteBuffer;)V+0
j  org.lwjgl.opengl.WindowsContextImplementation.makeCurrent(Lorg/lwjgl/opengl/PeerInfo;Ljava/nio/ByteBuffer;)V+7
j  org.lwjgl.opengl.ContextGL.makeCurrent()V+46
j  org.lwjgl.opengl.DrawableGL.makeCurrent()V+14
j  org.lwjgl.opengl.Display.makeCurrent()V+3
j  org.lwjgl.opengl.Display.makeCurrentAndSetSwapInterval()V+0
j  org.lwjgl.opengl.Display.setDisplayMode(Lorg/lwjgl/opengl/DisplayMode;)V+70
j  moredemos.CubeDemo.setDisplayMode(IIZ)V+229
J  moredemos.CubeDemo.updateLogic(I)V
J  moredemos.CubeDemo.run()V
j  moredemos.CubeDemo.main([Ljava/lang/String;)V+9
v  ~StubRoutines::call_stub

---------------  P R O C E S S  ---------------

Java Threads: ( => current thread )
  0x00abd400 JavaThread "Service Thread" daemon [_thread_blocked, id=3436, stack(0x04d70000,0x04dc0000)]
  0x00ab7c00 JavaThread "C1 CompilerThread0" daemon [_thread_blocked, id=3980, stack(0x04c70000,0x04cc0000)]
  0x00ab6c00 JavaThread "Attach Listener" daemon [_thread_blocked, id=3412, stack(0x04c00000,0x04c50000)]
  0x00ab3800 JavaThread "Signal Dispatcher" daemon [_thread_blocked, id=4632, stack(0x049e0000,0x04a30000)]
  0x00a9c800 JavaThread "Finalizer" daemon [_thread_blocked, id=5552, stack(0x04770000,0x047c0000)]
  0x00a97c00 JavaThread "Reference Handler" daemon [_thread_blocked, id=2044, stack(0x04700000,0x04750000)]
=>0x0052a000 JavaThread "main" [_thread_in_native, id=2600, stack(0x00460000,0x004b0000)]

Other Threads:
  0x00a96000 VMThread [stack: 0x048e0000,0x04930000] [id=2408]
  0x00ad3800 WatcherThread [stack: 0x04a80000,0x04ad0000] [id=5204]

VM state:not at safepoint (normal execution)

VM Mutex/Monitor currently owned by a thread: None

Heap
 def new generation   total 4928K, used 367K [0x23ce0000, 0x24230000, 0x29230000)
  eden space 4416K,   8% used [0x23ce0000, 0x23d3bc80, 0x24130000)
  from space 512K,   0% used [0x241b0000, 0x241b0290, 0x24230000)
  to   space 512K,   0% used [0x24130000, 0x24130000, 0x241b0000)
 tenured generation   total 10944K, used 841K [0x29230000, 0x29ce0000, 0x33ce0000)
   the space 10944K,   7% used [0x29230000, 0x29302730, 0x29302800, 0x29ce0000)
 compacting perm gen  total 12288K, used 865K [0x33ce0000, 0x348e0000, 0x37ce0000)
   the space 12288K,   7% used [0x33ce0000, 0x33db8728, 0x33db8800, 0x348e0000)
    ro space 10240K,  45% used [0x37ce0000, 0x381619f0, 0x38161a00, 0x386e0000)
    rw space 12288K,  54% used [0x386e0000, 0x38d605a0, 0x38d60600, 0x392e0000)

Code Cache  [0x026d0000, 0x02798000, 0x046d0000)
 total_blobs=420 nmethods=224 adapters=129 free_code_cache=31981Kb largest_free_block=32749440

Dynamic libraries:
0x00b20000 - 0x00b4f000 	I:\programs\programming\EclipsePortable\App\Eclipse\jre\bin\javaw.exe
0x772f0000 - 0x77470000 	C:\Windows\SysWOW64\ntdll.dll
0x76320000 - 0x76420000 	C:\Windows\syswow64\kernel32.dll
0x75e50000 - 0x75e96000 	C:\Windows\syswow64\KERNELBASE.dll
0x76220000 - 0x762c0000 	C:\Windows\syswow64\ADVAPI32.dll
0x766e0000 - 0x7678c000 	C:\Windows\syswow64\msvcrt.dll
0x75fb0000 - 0x75fc9000 	C:\Windows\SysWOW64\sechost.dll
0x75bf0000 - 0x75ce0000 	C:\Windows\syswow64\RPCRT4.dll
0x74e60000 - 0x74ec0000 	C:\Windows\syswow64\SspiCli.dll
0x74e50000 - 0x74e5c000 	C:\Windows\syswow64\CRYPTBASE.dll
0x76ae0000 - 0x76be0000 	C:\Windows\syswow64\USER32.dll
0x75ea0000 - 0x75f30000 	C:\Windows\syswow64\GDI32.dll
0x76210000 - 0x7621a000 	C:\Windows\syswow64\LPK.dll
0x76d10000 - 0x76dad000 	C:\Windows\syswow64\USP10.dll
0x726a0000 - 0x7283e000 	C:\Windows\WinSxS\x86_microsoft.windows.common-controls_6595b64144ccf1df_6.0.7600.16661_none_420fe3fa2b8113bd\COMCTL32.dll
0x762c0000 - 0x76317000 	C:\Windows\syswow64\SHLWAPI.dll
0x75f30000 - 0x75f90000 	C:\Windows\system32\IMM32.DLL
0x76c10000 - 0x76cdc000 	C:\Windows\syswow64\MSCTF.dll
0x772c0000 - 0x772c5000 	C:\Windows\syswow64\PSAPI.DLL
0x76420000 - 0x7657c000 	C:\Windows\syswow64\ole32.dll
0x6deb0000 - 0x6df6e000 	I:\programs\programming\EclipsePortable\App\Eclipse\jre\bin\msvcr100.dll
0x6a430000 - 0x6a751000 	I:\programs\programming\EclipsePortable\App\Eclipse\jre\bin\client\jvm.dll
0x73260000 - 0x73267000 	C:\Windows\system32\WSOCK32.dll
0x75fd0000 - 0x76005000 	C:\Windows\syswow64\WS2_32.dll
0x75e40000 - 0x75e46000 	C:\Windows\syswow64\NSI.dll
0x731f0000 - 0x73222000 	C:\Windows\system32\WINMM.dll
0x71f10000 - 0x71f1c000 	I:\programs\programming\EclipsePortable\App\Eclipse\jre\bin\verify.dll
0x6f5e0000 - 0x6f600000 	I:\programs\programming\EclipsePortable\App\Eclipse\jre\bin\java.dll
0x6f5b0000 - 0x6f5c3000 	I:\programs\programming\EclipsePortable\App\Eclipse\jre\bin\zip.dll
0x10000000 - 0x10073000 	I:\lwjgl-2.8.1\native\windows\lwjgl.dll
0x6a080000 - 0x6a148000 	C:\Windows\system32\OPENGL32.dll
0x6a050000 - 0x6a072000 	C:\Windows\system32\GLU32.dll
0x69f60000 - 0x6a047000 	C:\Windows\system32\DDRAW.dll
0x6ad60000 - 0x6ad66000 	C:\Windows\system32\DCIMAN32.dll
0x76940000 - 0x76add000 	C:\Windows\syswow64\SETUPAPI.dll
0x74f70000 - 0x74f97000 	C:\Windows\syswow64\CFGMGR32.dll
0x75ce0000 - 0x75d6f000 	C:\Windows\syswow64\OLEAUT32.dll
0x75f90000 - 0x75fa2000 	C:\Windows\syswow64\DEVOBJ.dll
0x71d20000 - 0x71d33000 	C:\Windows\system32\dwmapi.dll
0x733a0000 - 0x733a9000 	C:\Windows\system32\VERSION.dll
0x71c90000 - 0x71d10000 	C:\Windows\system32\uxtheme.dll
0x6ad50000 - 0x6ad57000 	C:\Windows\system32\atiglpxx.dll
0x051a0000 - 0x05776000 	C:\Windows\system32\ig4icd32.dll
0x05940000 - 0x05d39000 	C:\Windows\system32\ig4dev32.dll
0x69f50000 - 0x69f57000 	C:\Windows\system32\atigktxx.dll
0x69ed0000 - 0x69f49000 	C:\Windows\system32\mscms.dll
0x72f00000 - 0x72f17000 	C:\Windows\system32\USERENV.dll
0x72f90000 - 0x72f9b000 	C:\Windows\system32\profapi.dll
0x69e90000 - 0x69ec8000 	C:\Windows\system32\icm32.dll

VM Arguments:
jvm_args: -Djava.library.path=I:\lwjgl-2.8.1\native\windows;I:\lwjgl-2.8.1\native\windows -Dfile.encoding=Cp1255 
java_command: moredemos.CubeDemo
Launcher Type: SUN_STANDARD

Environment Variables:
CLASSPATH=.;C:\Program Files (x86)\Java\jre6\lib\ext\QTJava.zip
PATH=I:/programs/programming/EclipsePortable/App/Eclipse/jre/bin/client;I:/programs/programming/EclipsePortable/App/Eclipse/jre/bin;I:/programs/programming/EclipsePortable/App/Eclipse/jre/lib/i386;I:\programs\programming\CommonFiles\MinGW\bin;C:\Windows\system32;C:\Windows;C:\Windows\System32\Wbem;C:\Windows\System32\WindowsPowerShell\v1.0\;C:\Program Files (x86)\ATI Technologies\ATI.ACE\Core-Static;C:\Program Files\Broadcom\Broadcom 802.11\Driver;C:\Program Files\WIDCOMM\Bluetooth Software\;C:\Program Files\WIDCOMM\Bluetooth Software\syswow64;C:\Program Files (x86)\QuickTime\QTSystem\;I:\programs\programming\EclipsePortable;
USERNAME=Sagy
OS=Windows_NT
PROCESSOR_IDENTIFIER=Intel64 Family 6 Model 37 Stepping 2, GenuineIntel



---------------  S Y S T E M  ---------------

OS: Windows 7 , 64 bit Build 7600 

CPU:total 4 (2 cores per cpu, 2 threads per core) family 6 model 37 stepping 2, cmov, cx8, fxsr, mmx, sse, sse2, sse3, ssse3, sse4.1, sse4.2, popcnt, ht

Memory: 4k page, physical 3987312k(2019112k free), swap 7972724k(5598844k free)

vm_info: Java HotSpot(TM) Client VM (21.1-b02) for windows-x86 JRE (1.7.0_01-b08), built on Oct  3 2011 02:11:36 by "java_re" with unknown MS VC++:1600

time: Fri Feb 17 17:20:41 2012
elapsed time: 21 seconds

